<?xml version="1.0" encoding="UTF-8"?>
<!-- Generated by org.testng.reporters.JUnitXMLReporter -->
<testsuite hostname="DESKTOP-D0CJGQI" ignored="0" name="Test" tests="4" failures="0" timestamp="13 Mar 2020 12:57:21 GMT" time="0.122" errors="0">
  <testcase name="BrowserAutomation" time="0.025" classname="qaclickacademy.SeleniumTest"/>
  <testcase name="elementsUI" time="0.001" classname="qaclickacademy.SeleniumTest"/>
  <testcase name="deleteTwitter" time="0.006" classname="qaclickacademy.RESTAPITest"/>
  <testcase name="postJira" time="0.009" classname="qaclickacademy.RESTAPITest"/>
</testsuite> <!-- Test -->
