<?xml version="1.0" encoding="UTF-8"?>
<testng-results skipped="0" failed="0" ignored="0" total="4" passed="4">
  <reporter-output>
  </reporter-output>
  <suite name="Suite" duration-ms="122" started-at="2020-03-13T12:57:21Z" finished-at="2020-03-13T12:57:21Z">
    <groups>
    </groups>
    <test name="Test" duration-ms="122" started-at="2020-03-13T12:57:21Z" finished-at="2020-03-13T12:57:21Z">
      <class name="qaclickacademy.RESTAPITest">
        <test-method status="PASS" signature="deleteTwitter()[pri:0, instance:qaclickacademy.RESTAPITest@3d36e4cd]" name="deleteTwitter" duration-ms="6" started-at="2020-03-13T18:27:21Z" finished-at="2020-03-13T18:27:21Z">
          <reporter-output>
          </reporter-output>
        </test-method> <!-- deleteTwitter -->
        <test-method status="PASS" signature="postJira()[pri:0, instance:qaclickacademy.RESTAPITest@3d36e4cd]" name="postJira" duration-ms="9" started-at="2020-03-13T18:27:21Z" finished-at="2020-03-13T18:27:21Z">
          <reporter-output>
          </reporter-output>
        </test-method> <!-- postJira -->
      </class> <!-- qaclickacademy.RESTAPITest -->
      <class name="qaclickacademy.SeleniumTest">
        <test-method status="PASS" signature="BrowserAutomation()[pri:0, instance:qaclickacademy.SeleniumTest@7364985f]" name="BrowserAutomation" duration-ms="25" started-at="2020-03-13T18:27:21Z" finished-at="2020-03-13T18:27:21Z">
          <reporter-output>
          </reporter-output>
        </test-method> <!-- BrowserAutomation -->
        <test-method status="PASS" signature="elementsUI()[pri:0, instance:qaclickacademy.SeleniumTest@7364985f]" name="elementsUI" duration-ms="1" started-at="2020-03-13T18:27:21Z" finished-at="2020-03-13T18:27:21Z">
          <reporter-output>
          </reporter-output>
        </test-method> <!-- elementsUI -->
      </class> <!-- qaclickacademy.SeleniumTest -->
    </test> <!-- Test -->
  </suite> <!-- Suite -->
</testng-results>
